<?xml version="1.0" encoding="UTF-8"?>
<!-- Generated by org.testng.reporters.JUnitXMLReporter -->
<testsuite hostname="DESKTOP-P47OH58" ignored="13" name="Test" tests="8" failures="0" timestamp="09 Feb 2019 00:49:09 GMT" time="1274.702" errors="0">
  <testcase name="@AfterClass afterClass" time="0.306" classname="tests.TestOne">
    <failure type="org.openqa.selenium.NoSuchSessionException" message="invalid session id
  (Driver info: chromedriver=2.43.600210 (68dcf5eebde37173d4027fa8635e332711d2874a),platform=Windows NT 10.0.17134 x86_64) (WARNING: The server did not provide any stacktrace information)
Command duration or timeout: 0 milliseconds
Build info: version: &amp;apos;3.14.0&amp;apos;, revision: &amp;apos;aacccce0&amp;apos;, time: &amp;apos;2018-08-02T20:05:20.749Z&amp;apos;
System info: host: &amp;apos;DESKTOP-P47OH58&amp;apos;, ip: &amp;apos;192.168.0.8&amp;apos;, os.name: &amp;apos;Windows 10&amp;apos;, os.arch: &amp;apos;amd64&amp;apos;, os.version: &amp;apos;10.0&amp;apos;, java.version: &amp;apos;1.8.0_191&amp;apos;
Driver info: org.openqa.selenium.chrome.ChromeDriver
Capabilities {acceptInsecureCerts: false, acceptSslCerts: false, applicationCacheEnabled: false, browserConnectionEnabled: false, browserName: chrome, chrome: {chromedriverVersion: 2.43.600210 (68dcf5eebde371..., userDataDir: C:\Users\Mouloud Hamdidouch...}, cssSelectorsEnabled: true, databaseEnabled: false, goog:chromeOptions: {debuggerAddress: localhost:50725}, handlesAlerts: true, hasTouchScreen: false, javascriptEnabled: true, locationContextEnabled: true, mobileEmulationEnabled: false, nativeEvents: true, networkConnectionEnabled: false, pageLoadStrategy: normal, platform: XP, platformName: XP, rotatable: false, setWindowRect: true, takesHeapSnapshot: true, takesScreenshot: true, unexpectedAlertBehaviour: , unhandledPromptBehavior: , version: 72.0.3626.96, webStorageEnabled: true}
Session ID: 0857f34f9b3c1728948eab7580498b12">
      <![CDATA[org.openqa.selenium.NoSuchSessionException: invalid session id
  (Driver info: chromedriver=2.43.600210 (68dcf5eebde37173d4027fa8635e332711d2874a),platform=Windows NT 10.0.17134 x86_64) (WARNING: The server did not provide any stacktrace information)
Command duration or timeout: 0 milliseconds
Build info: version: '3.14.0', revision: 'aacccce0', time: '2018-08-02T20:05:20.749Z'
System info: host: 'DESKTOP-P47OH58', ip: '192.168.0.8', os.name: 'Windows 10', os.arch: 'amd64', os.version: '10.0', java.version: '1.8.0_191'
Driver info: org.openqa.selenium.chrome.ChromeDriver
Capabilities {acceptInsecureCerts: false, acceptSslCerts: false, applicationCacheEnabled: false, browserConnectionEnabled: false, browserName: chrome, chrome: {chromedriverVersion: 2.43.600210 (68dcf5eebde371..., userDataDir: C:\Users\Mouloud Hamdidouch...}, cssSelectorsEnabled: true, databaseEnabled: false, goog:chromeOptions: {debuggerAddress: localhost:50725}, handlesAlerts: true, hasTouchScreen: false, javascriptEnabled: true, locationContextEnabled: true, mobileEmulationEnabled: false, nativeEvents: true, networkConnectionEnabled: false, pageLoadStrategy: normal, platform: XP, platformName: XP, rotatable: false, setWindowRect: true, takesHeapSnapshot: true, takesScreenshot: true, unexpectedAlertBehaviour: , unhandledPromptBehavior: , version: 72.0.3626.96, webStorageEnabled: true}
Session ID: 0857f34f9b3c1728948eab7580498b12
at org.openqa.selenium.remote.ErrorHandler.createThrowable(ErrorHandler.java:214)
at org.openqa.selenium.remote.ErrorHandler.throwIfResponseFailed(ErrorHandler.java:166)
at org.openqa.selenium.remote.http.JsonHttpResponseCodec.reconstructValue(JsonHttpResponseCodec.java:40)
at org.openqa.selenium.remote.http.AbstractHttpResponseCodec.decode(AbstractHttpResponseCodec.java:80)
at org.openqa.selenium.remote.http.AbstractHttpResponseCodec.decode(AbstractHttpResponseCodec.java:44)
at org.openqa.selenium.remote.HttpCommandExecutor.execute(HttpCommandExecutor.java:158)
at org.openqa.selenium.remote.service.DriverCommandExecutor.execute(DriverCommandExecutor.java:83)
at org.openqa.selenium.remote.RemoteWebDriver.execute(RemoteWebDriver.java:548)
at org.openqa.selenium.remote.RemoteWebDriver.execute(RemoteWebDriver.java:605)
at org.openqa.selenium.remote.RemoteWebDriver.close(RemoteWebDriver.java:438)
at GuiLibs.GuiTools.closeBrowser(GuiTools.java:301)
at tests.TestOne.afterClass(TestOne.java:91)
at tests.TestOne.main(TestOne.java:64)
... Removed 27 stack frames]]>
    </failure>
  </testcase> <!-- @AfterClass afterClass -->
  <testcase name="CVD_Align_With_AD" time="195.819" classname="tests.TestOne"/>
  <testcase name="Litigation_Dates_Validation" time="43.273" classname="tests.TestOne"/>
  <testcase name="Self_Initiated_Petition_Investigation_Dates" time="256.148" classname="tests.TestOne"/>
  <testcase name="Align_NSR_To_NR" time="141.841" classname="tests.TestOne"/>
  <testcase name="Petition_Status_Validation" time="74.116" classname="tests.TestOne"/>
  <testcase name="Expedited_Review_Status_Validation" time="185.519" classname="tests.TestOne"/>
  <testcase name="New_Shipper_Review_Status_Validation" time="186.481" classname="tests.TestOne"/>
  <testcase name="Changed_Circumstance_Review_Status_Validation" time="190.789" classname="tests.TestOne"/>
  <testcase name="Create_Segment_Anti_Circumvention_Review" time="0.0" classname="tests.TestOne">
    <ignored/>
  </testcase> <!-- Create_Segment_Anti_Circumvention_Review -->
  <testcase name="Admin_Review_Status_Validation" time="0.0" classname="tests.TestOne">
    <ignored/>
  </testcase> <!-- Admin_Review_Status_Validation -->
  <testcase name="Create_Segment_New_Shipper_Review" time="0.0" classname="tests.TestOne">
    <ignored/>
  </testcase> <!-- Create_Segment_New_Shipper_Review -->
  <testcase name="Create_Segment_Sunset_Review" time="0.0" classname="tests.TestOne">
    <ignored/>
  </testcase> <!-- Create_Segment_Sunset_Review -->
  <testcase name="Create_Segment_Scope_Inquiry" time="0.0" classname="tests.TestOne">
    <ignored/>
  </testcase> <!-- Create_Segment_Scope_Inquiry -->
  <testcase name="Create_Segment_Expedited_Review" time="0.0" classname="tests.TestOne">
    <ignored/>
  </testcase> <!-- Create_Segment_Expedited_Review -->
  <testcase name="Create_And_Validate_Petition" time="0.0" classname="tests.TestOne">
    <ignored/>
  </testcase> <!-- Create_And_Validate_Petition -->
  <testcase name="Create_Segment_Changed_Circumstances_Review" time="0.0" classname="tests.TestOne">
    <ignored/>
  </testcase> <!-- Create_Segment_Changed_Circumstances_Review -->
  <testcase name="Create_Adcvd_Case" time="0.0" classname="tests.TestOne">
    <ignored/>
  </testcase> <!-- Create_Adcvd_Case -->
  <testcase name="Create_Segment_Administrative_Review" time="0.0" classname="tests.TestOne">
    <ignored/>
  </testcase> <!-- Create_Segment_Administrative_Review -->
  <testcase name="Create_Order" time="0.0" classname="tests.TestOne">
    <ignored/>
  </testcase> <!-- Create_Order -->
  <testcase name="Create_And_Validate_Investigation" time="0.0" classname="tests.TestOne">
    <ignored/>
  </testcase> <!-- Create_And_Validate_Investigation -->
  <testcase name="Investigation_Status_Validation" time="0.0" classname="tests.TestOne">
    <ignored/>
  </testcase> <!-- Investigation_Status_Validation -->
</testsuite> <!-- Test -->
